<?xml version="1.0" encoding="UTF-8"?>
<testng-results ignored="0" total="3" passed="3" failed="0" skipped="0">
  <reporter-output>
  </reporter-output>
  <suite started-at="2025-06-25T21:28:21 IST" name="Default suite" finished-at="2025-06-25T21:28:24 IST" duration-ms="2748">
    <groups>
    </groups>
    <test started-at="2025-06-25T21:28:21 IST" name="Default test" finished-at="2025-06-25T21:28:24 IST" duration-ms="2748">
      <class name="files.DynamicJson">
        <test-method signature="addBook(java.lang.String,java.lang.String)[pri:0, instance:files.DynamicJson@3c19aaa5]" started-at="2025-06-25T21:28:22 IST" name="addBook" data-provider="BooksData" finished-at="2025-06-25T21:28:24 IST" duration-ms="2363" status="PASS">
          <params>
            <param index="0">
              <value>
                <![CDATA[same]]>
              </value>
            </param>
            <param index="1">
              <value>
                <![CDATA[8901]]>
              </value>
            </param>
          </params>
          <reporter-output>
          </reporter-output>
        </test-method> <!-- addBook -->
        <test-method signature="addBook(java.lang.String,java.lang.String)[pri:0, instance:files.DynamicJson@3c19aaa5]" started-at="2025-06-25T21:28:24 IST" name="addBook" data-provider="BooksData" finished-at="2025-06-25T21:28:24 IST" duration-ms="157" status="PASS">
          <params>
            <param index="0">
              <value>
                <![CDATA[samee]]>
              </value>
            </param>
            <param index="1">
              <value>
                <![CDATA[89001]]>
              </value>
            </param>
          </params>
          <reporter-output>
          </reporter-output>
        </test-method> <!-- addBook -->
        <test-method signature="addBook(java.lang.String,java.lang.String)[pri:0, instance:files.DynamicJson@3c19aaa5]" started-at="2025-06-25T21:28:24 IST" name="addBook" data-provider="BooksData" finished-at="2025-06-25T21:28:24 IST" duration-ms="139" status="PASS">
          <params>
            <param index="0">
              <value>
                <![CDATA[rahulll]]>
              </value>
            </param>
            <param index="1">
              <value>
                <![CDATA[7878]]>
              </value>
            </param>
          </params>
          <reporter-output>
          </reporter-output>
        </test-method> <!-- addBook -->
      </class> <!-- files.DynamicJson -->
    </test> <!-- Default test -->
  </suite> <!-- Default suite -->
</testng-results>
